<?xml version="1.0" encoding="UTF-8"?>
<coverage generated="1770867725273" clover="3.2.0">
  <project timestamp="1770867725273" name="All files">
    <metrics statements="246" coveredstatements="145" conditionals="96" coveredconditionals="35" methods="102" coveredmethods="52" elements="444" coveredelements="232" complexity="0" loc="246" ncloc="246" packages="3" files="13" classes="13"/>
    <package name="components">
      <metrics statements="216" coveredstatements="117" conditionals="89" coveredconditionals="30" methods="92" coveredmethods="44"/>
      <file name="AddToCartSection.tsx" path="C:\Users\krath\Desktop\pruebas\PruebasProyectoU1\Frontend\src\components\AddToCartSection.tsx">
        <metrics statements="16" coveredstatements="14" conditionals="9" coveredconditionals="4" methods="5" coveredmethods="5"/>
        <line num="9" count="10" type="stmt"/>
        <line num="10" count="10" type="stmt"/>
        <line num="12" count="10" type="stmt"/>
        <line num="13" count="5" type="stmt"/>
        <line num="16" count="10" type="stmt"/>
        <line num="17" count="2" type="cond" truecount="2" falsecount="2"/>
        <line num="18" count="0" type="stmt"/>
        <line num="23" count="0" type="stmt"/>
        <line num="26" count="2" type="stmt"/>
        <line num="38" count="2" type="stmt"/>
        <line num="39" count="2" type="stmt"/>
        <line num="40" count="1" type="stmt"/>
        <line num="42" count="1" type="stmt"/>
        <line num="50" count="10" type="stmt"/>
        <line num="55" count="8" type="stmt"/>
        <line num="62" count="2" type="stmt"/>
      </file>
      <file name="CatalogSection.tsx" path="C:\Users\krath\Desktop\pruebas\PruebasProyectoU1\Frontend\src\components\CatalogSection.tsx">
        <metrics statements="5" coveredstatements="5" conditionals="3" coveredconditionals="1" methods="3" coveredmethods="3"/>
        <line num="7" count="10" type="stmt"/>
        <line num="8" count="10" type="stmt"/>
        <line num="9" count="5" type="stmt"/>
        <line num="12" count="10" type="stmt"/>
        <line num="17" count="6" type="stmt"/>
      </file>
      <file name="FilterSection.tsx" path="C:\Users\krath\Desktop\pruebas\PruebasProyectoU1\Frontend\src\components\FilterSection.tsx">
        <metrics statements="8" coveredstatements="8" conditionals="3" coveredconditionals="1" methods="5" coveredmethods="5"/>
        <line num="8" count="13" type="stmt"/>
        <line num="9" count="13" type="stmt"/>
        <line num="10" count="13" type="stmt"/>
        <line num="11" count="5" type="stmt"/>
        <line num="13" count="21" type="stmt"/>
        <line num="15" count="13" type="stmt"/>
        <line num="23" count="3" type="stmt"/>
        <line num="26" count="14" type="stmt"/>
      </file>
      <file name="OrdersSection.tsx" path="C:\Users\krath\Desktop\pruebas\PruebasProyectoU1\Frontend\src\components\OrdersSection.tsx">
        <metrics statements="28" coveredstatements="27" conditionals="18" coveredconditionals="9" methods="11" coveredmethods="10"/>
        <line num="10" count="16" type="stmt"/>
        <line num="11" count="16" type="stmt"/>
        <line num="12" count="16" type="stmt"/>
        <line num="13" count="16" type="stmt"/>
        <line num="15" count="16" type="stmt"/>
        <line num="17" count="16" type="stmt"/>
        <line num="18" count="5" type="stmt"/>
        <line num="21" count="16" type="stmt"/>
        <line num="22" count="1" type="cond" truecount="1" falsecount="1"/>
        <line num="23" count="1" type="stmt"/>
        <line num="24" count="1" type="stmt"/>
        <line num="25" count="1" type="stmt"/>
        <line num="28" count="16" type="stmt"/>
        <line num="29" count="2" type="cond" truecount="1" falsecount="1"/>
        <line num="30" count="2" type="cond" truecount="1" falsecount="1"/>
        <line num="33" count="16" type="stmt"/>
        <line num="34" count="1" type="stmt"/>
        <line num="35" count="1" type="cond" truecount="1" falsecount="1"/>
        <line num="36" count="1" type="stmt"/>
        <line num="37" count="1" type="stmt"/>
        <line num="38" count="1" type="stmt"/>
        <line num="39" count="1" type="stmt"/>
        <line num="42" count="16" type="stmt"/>
        <line num="53" count="1" type="stmt"/>
        <line num="56" count="0" type="stmt"/>
        <line num="60" count="22" type="stmt"/>
        <line num="69" count="2" type="stmt"/>
        <line num="70" count="1" type="cond" truecount="1" falsecount="1"/>
      </file>
      <file name="PaymentSection.tsx" path="C:\Users\krath\Desktop\pruebas\PruebasProyectoU1\Frontend\src\components\PaymentSection.tsx">
        <metrics statements="5" coveredstatements="5" conditionals="6" coveredconditionals="2" methods="3" coveredmethods="3"/>
        <line num="7" count="10" type="stmt"/>
        <line num="8" count="10" type="stmt"/>
        <line num="9" count="5" type="stmt"/>
        <line num="12" count="10" type="stmt"/>
        <line num="17" count="6" type="stmt"/>
      </file>
      <file name="RegisterProductSection.tsx" path="C:\Users\krath\Desktop\pruebas\PruebasProyectoU1\Frontend\src\components\RegisterProductSection.tsx">
        <metrics statements="61" coveredstatements="14" conditionals="29" coveredconditionals="4" methods="25" coveredmethods="4"/>
        <line num="10" count="8" type="stmt"/>
        <line num="19" count="8" type="stmt"/>
        <line num="20" count="8" type="stmt"/>
        <line num="21" count="8" type="stmt"/>
        <line num="30" count="8" type="stmt"/>
        <line num="32" count="8" type="stmt"/>
        <line num="34" count="8" type="stmt"/>
        <line num="35" count="5" type="stmt"/>
        <line num="38" count="8" type="stmt"/>
        <line num="39" count="0" type="stmt"/>
        <line num="41" count="0" type="cond" truecount="0" falsecount="6"/>
        <line num="42" count="0" type="stmt"/>
        <line num="43" count="0" type="stmt"/>
        <line num="45" count="0" type="stmt"/>
        <line num="55" count="0" type="stmt"/>
        <line num="57" count="0" type="stmt"/>
        <line num="58" count="0" type="stmt"/>
        <line num="59" count="0" type="stmt"/>
        <line num="60" count="0" type="stmt"/>
        <line num="61" count="0" type="stmt"/>
        <line num="63" count="0" type="stmt"/>
        <line num="64" count="0" type="stmt"/>
        <line num="68" count="8" type="stmt"/>
        <line num="69" count="0" type="cond" truecount="0" falsecount="2"/>
        <line num="70" count="0" type="stmt"/>
        <line num="81" count="8" type="stmt"/>
        <line num="82" count="0" type="stmt"/>
        <line num="83" count="0" type="cond" truecount="0" falsecount="2"/>
        <line num="85" count="0" type="stmt"/>
        <line num="95" count="0" type="stmt"/>
        <line num="96" count="0" type="stmt"/>
        <line num="97" count="0" type="stmt"/>
        <line num="98" count="0" type="stmt"/>
        <line num="99" count="0" type="stmt"/>
        <line num="101" count="0" type="stmt"/>
        <line num="102" count="0" type="stmt"/>
        <line num="106" count="8" type="stmt"/>
        <line num="107" count="0" type="stmt"/>
        <line num="108" count="0" type="stmt"/>
        <line num="109" count="0" type="stmt"/>
        <line num="110" count="0" type="stmt"/>
        <line num="112" count="0" type="stmt"/>
        <line num="116" count="8" type="stmt"/>
        <line num="125" count="0" type="stmt"/>
        <line num="131" count="0" type="stmt"/>
        <line num="138" count="0" type="stmt"/>
        <line num="145" count="0" type="stmt"/>
        <line num="151" count="0" type="stmt"/>
        <line num="157" count="0" type="stmt"/>
        <line num="163" count="0" type="stmt"/>
        <line num="175" count="0" type="stmt"/>
        <line num="181" count="0" type="stmt"/>
        <line num="188" count="0" type="stmt"/>
        <line num="195" count="0" type="stmt"/>
        <line num="201" count="0" type="stmt"/>
        <line num="207" count="0" type="stmt"/>
        <line num="213" count="0" type="stmt"/>
        <line num="216" count="0" type="stmt"/>
        <line num="223" count="2" type="stmt"/>
        <line num="237" count="0" type="stmt"/>
        <line num="240" count="0" type="cond" truecount="0" falsecount="2"/>
      </file>
      <file name="StockSection.tsx" path="C:\Users\krath\Desktop\pruebas\PruebasProyectoU1\Frontend\src\components\StockSection.tsx">
        <metrics statements="24" coveredstatements="24" conditionals="9" coveredconditionals="5" methods="9" coveredmethods="9"/>
        <line num="10" count="18" type="stmt"/>
        <line num="11" count="18" type="stmt"/>
        <line num="12" count="18" type="stmt"/>
        <line num="13" count="18" type="stmt"/>
        <line num="15" count="18" type="stmt"/>
        <line num="17" count="18" type="stmt"/>
        <line num="18" count="5" type="stmt"/>
        <line num="21" count="18" type="stmt"/>
        <line num="22" count="4" type="cond" truecount="1" falsecount="1"/>
        <line num="23" count="4" type="stmt"/>
        <line num="26" count="18" type="stmt"/>
        <line num="27" count="2" type="stmt"/>
        <line num="28" count="2" type="stmt"/>
        <line num="29" count="2" type="cond" truecount="1" falsecount="1"/>
        <line num="30" count="2" type="stmt"/>
        <line num="31" count="1" type="stmt"/>
        <line num="32" count="1" type="stmt"/>
        <line num="33" count="1" type="stmt"/>
        <line num="35" count="1" type="stmt"/>
        <line num="38" count="18" type="stmt"/>
        <line num="50" count="1" type="stmt"/>
        <line num="53" count="1" type="stmt"/>
        <line num="57" count="13" type="stmt"/>
        <line num="64" count="4" type="stmt"/>
      </file>
      <file name="UsersSection.tsx" path="C:\Users\krath\Desktop\pruebas\PruebasProyectoU1\Frontend\src\components\UsersSection.tsx">
        <metrics statements="69" coveredstatements="20" conditionals="12" coveredconditionals="4" methods="31" coveredmethods="5"/>
        <line num="10" count="9" type="stmt"/>
        <line num="11" count="9" type="stmt"/>
        <line num="12" count="9" type="stmt"/>
        <line num="23" count="9" type="stmt"/>
        <line num="24" count="9" type="stmt"/>
        <line num="35" count="9" type="stmt"/>
        <line num="37" count="9" type="stmt"/>
        <line num="38" count="5" type="stmt"/>
        <line num="39" count="5" type="stmt"/>
        <line num="40" count="4" type="stmt"/>
        <line num="41" count="4" type="stmt"/>
        <line num="54" count="1" type="stmt"/>
        <line num="58" count="9" type="stmt"/>
        <line num="59" count="5" type="stmt"/>
        <line num="62" count="9" type="stmt"/>
        <line num="63" count="0" type="stmt"/>
        <line num="64" count="0" type="stmt"/>
        <line num="65" count="0" type="stmt"/>
        <line num="66" count="0" type="stmt"/>
        <line num="67" count="0" type="stmt"/>
        <line num="78" count="0" type="stmt"/>
        <line num="79" count="0" type="stmt"/>
        <line num="81" count="0" type="stmt"/>
        <line num="85" count="9" type="stmt"/>
        <line num="86" count="0" type="stmt"/>
        <line num="87" count="0" type="stmt"/>
        <line num="88" count="0" type="stmt"/>
        <line num="89" count="0" type="stmt"/>
        <line num="91" count="0" type="stmt"/>
        <line num="95" count="9" type="stmt"/>
        <line num="96" count="0" type="stmt"/>
        <line num="97" count="0" type="stmt"/>
        <line num="110" count="9" type="stmt"/>
        <line num="111" count="0" type="stmt"/>
        <line num="112" count="0" type="cond" truecount="0" falsecount="2"/>
        <line num="114" count="0" type="stmt"/>
        <line num="115" count="0" type="stmt"/>
        <line num="116" count="0" type="cond" truecount="0" falsecount="2"/>
        <line num="117" count="0" type="stmt"/>
        <line num="120" count="0" type="stmt"/>
        <line num="122" count="0" type="stmt"/>
        <line num="123" count="0" type="stmt"/>
        <line num="124" count="0" type="stmt"/>
        <line num="125" count="0" type="stmt"/>
        <line num="126" count="0" type="stmt"/>
        <line num="128" count="0" type="stmt"/>
        <line num="132" count="9" type="stmt"/>
        <line num="137" count="0" type="stmt"/>
        <line num="143" count="0" type="stmt"/>
        <line num="144" count="0" type="stmt"/>
        <line num="145" count="0" type="stmt"/>
        <line num="146" count="0" type="stmt"/>
        <line num="147" count="0" type="stmt"/>
        <line num="148" count="0" type="stmt"/>
        <line num="149" count="0" type="stmt"/>
        <line num="150" count="0" type="stmt"/>
        <line num="158" count="0" type="stmt"/>
        <line num="159" count="0" type="stmt"/>
        <line num="160" count="0" type="stmt"/>
        <line num="161" count="0" type="stmt"/>
        <line num="162" count="0" type="stmt"/>
        <line num="163" count="0" type="stmt"/>
        <line num="164" count="0" type="stmt"/>
        <line num="165" count="0" type="stmt"/>
        <line num="166" count="0" type="stmt"/>
        <line num="168" count="0" type="stmt"/>
        <line num="173" count="3" type="stmt"/>
        <line num="182" count="0" type="stmt"/>
        <line num="183" count="0" type="stmt"/>
      </file>
    </package>
    <package name="components.ui">
      <metrics statements="29" coveredstatements="27" conditionals="7" coveredconditionals="5" methods="9" coveredmethods="7"/>
      <file name="button.tsx" path="C:\Users\krath\Desktop\pruebas\PruebasProyectoU1\Frontend\src\components\ui\button.tsx">
        <metrics statements="5" coveredstatements="5" conditionals="3" coveredconditionals="2" methods="1" coveredmethods="1"/>
        <line num="7" count="5" type="stmt"/>
        <line num="42" count="5" type="stmt"/>
        <line num="44" count="97" type="cond" truecount="1" falsecount="1"/>
        <line num="45" count="97" type="stmt"/>
        <line num="54" count="5" type="stmt"/>
      </file>
      <file name="card.tsx" path="C:\Users\krath\Desktop\pruebas\PruebasProyectoU1\Frontend\src\components\ui\card.tsx">
        <metrics statements="18" coveredstatements="16" conditionals="0" coveredconditionals="0" methods="6" coveredmethods="4"/>
        <line num="5" count="8" type="stmt"/>
        <line num="8" count="69" type="stmt"/>
        <line num="18" count="8" type="stmt"/>
        <line num="20" count="8" type="stmt"/>
        <line num="23" count="69" type="stmt"/>
        <line num="30" count="8" type="stmt"/>
        <line num="32" count="8" type="stmt"/>
        <line num="35" count="69" type="stmt"/>
        <line num="45" count="8" type="stmt"/>
        <line num="47" count="8" type="stmt"/>
        <line num="50" count="0" type="stmt"/>
        <line num="57" count="8" type="stmt"/>
        <line num="59" count="8" type="stmt"/>
        <line num="62" count="69" type="stmt"/>
        <line num="65" count="8" type="stmt"/>
        <line num="67" count="8" type="stmt"/>
        <line num="70" count="0" type="stmt"/>
        <line num="77" count="8" type="stmt"/>
      </file>
      <file name="input.tsx" path="C:\Users\krath\Desktop\pruebas\PruebasProyectoU1\Frontend\src\components\ui\input.tsx">
        <metrics statements="3" coveredstatements="3" conditionals="0" coveredconditionals="0" methods="1" coveredmethods="1"/>
        <line num="5" count="5" type="stmt"/>
        <line num="7" count="69" type="stmt"/>
        <line num="20" count="5" type="stmt"/>
      </file>
      <file name="separator.tsx" path="C:\Users\krath\Desktop\pruebas\PruebasProyectoU1\Frontend\src\components\ui\separator.tsx">
        <metrics statements="3" coveredstatements="3" conditionals="4" coveredconditionals="3" methods="1" coveredmethods="1"/>
        <line num="6" count="8" type="stmt"/>
        <line num="12" count="85" type="stmt"/>
        <line num="27" count="8" type="stmt"/>
      </file>
    </package>
    <package name="lib">
      <metrics statements="1" coveredstatements="1" conditionals="0" coveredconditionals="0" methods="1" coveredmethods="1"/>
      <file name="utils.ts" path="C:\Users\krath\Desktop\pruebas\PruebasProyectoU1\Frontend\src\lib\utils.ts">
        <metrics statements="1" coveredstatements="1" conditionals="0" coveredconditionals="0" methods="1" coveredmethods="1"/>
        <line num="5" count="527" type="stmt"/>
      </file>
    </package>
  </project>
</coverage>
