{"C:\\Users\\krath\\Desktop\\pruebas\\PruebasProyectoU1\\Frontend\\src\\components\\AddToCartSection.tsx": {"path":"C:\\Users\\krath\\Desktop\\pruebas\\PruebasProyectoU1\\Frontend\\src\\components\\AddToCartSection.tsx","statementMap":{"0":{"start":{"line":9,"column":31},"end":{"line":9,"column":null}},"1":{"start":{"line":10,"column":17},"end":{"line":10,"column":null}},"2":{"start":{"line":12,"column":2},"end":{"line":14,"column":null}},"3":{"start":{"line":13,"column":4},"end":{"line":13,"column":null}},"4":{"start":{"line":16,"column":26},"end":{"line":48,"column":null}},"5":{"start":{"line":17,"column":4},"end":{"line":24,"column":null}},"6":{"start":{"line":18,"column":6},"end":{"line":22,"column":null}},"7":{"start":{"line":23,"column":6},"end":{"line":23,"column":null}},"8":{"start":{"line":26,"column":24},"end":{"line":36,"column":null}},"9":{"start":{"line":38,"column":4},"end":{"line":47,"column":null}},"10":{"start":{"line":39,"column":6},"end":{"line":39,"column":null}},"11":{"start":{"line":40,"column":6},"end":{"line":40,"column":null}},"12":{"start":{"line":42,"column":6},"end":{"line":46,"column":null}},"13":{"start":{"line":50,"column":2},"end":{"line":56,"column":null}},"14":{"start":{"line":55,"column":31},"end":{"line":56,"column":null}},"15":{"start":{"line":62,"column":37},"end":{"line":62,"column":57}}},"fnMap":{"0":{"name":"AddToCartSection","decl":{"start":{"line":8,"column":24},"end":{"line":8,"column":null}},"loc":{"start":{"line":8,"column":24},"end":{"line":69,"column":null}},"line":8},"1":{"name":"(anonymous_1)","decl":{"start":{"line":12,"column":12},"end":{"line":12,"column":null}},"loc":{"start":{"line":12,"column":12},"end":{"line":14,"column":5}},"line":12},"2":{"name":"(anonymous_2)","decl":{"start":{"line":16,"column":26},"end":{"line":16,"column":33}},"loc":{"start":{"line":16,"column":33},"end":{"line":48,"column":null}},"line":16},"3":{"name":"(anonymous_3)","decl":{"start":{"line":55,"column":22},"end":{"line":55,"column":23}},"loc":{"start":{"line":55,"column":31},"end":{"line":56,"column":null}},"line":55},"4":{"name":"(anonymous_4)","decl":{"start":{"line":62,"column":31},"end":{"line":62,"column":37}},"loc":{"start":{"line":62,"column":37},"end":{"line":62,"column":57}},"line":62}},"branchMap":{"0":{"loc":{"start":{"line":17,"column":4},"end":{"line":24,"column":null}},"type":"if","locations":[{"start":{"line":17,"column":4},"end":{"line":24,"column":null}},{"start":{},"end":{}}],"line":17},"1":{"loc":{"start":{"line":17,"column":8},"end":{"line":17,"column":35}},"type":"binary-expr","locations":[{"start":{"line":17,"column":8},"end":{"line":17,"column":19}},{"start":{"line":17,"column":23},"end":{"line":17,"column":35}}],"line":17},"2":{"loc":{"start":{"line":29,"column":21},"end":{"line":29,"column":46}},"type":"binary-expr","locations":[{"start":{"line":29,"column":21},"end":{"line":29,"column":31}},{"start":{"line":29,"column":35},"end":{"line":29,"column":46}}],"line":29},"3":{"loc":{"start":{"line":56,"column":21},"end":{"line":56,"column":null}},"type":"binary-expr","locations":[{"start":{"line":56,"column":21},"end":{"line":56,"column":25}},{"start":{"line":56,"column":29},"end":{"line":56,"column":34}},{"start":{"line":56,"column":38},"end":{"line":56,"column":null}}],"line":56}},"s":{"0":10,"1":10,"2":10,"3":5,"4":10,"5":2,"6":0,"7":0,"8":2,"9":2,"10":2,"11":1,"12":1,"13":10,"14":8,"15":2},"f":{"0":10,"1":5,"2":2,"3":8,"4":2},"b":{"0":[0,2],"1":[2,0],"2":[2,0],"3":[8,0,0]},"meta":{"lastBranch":4,"lastFunction":5,"lastStatement":16,"seen":{"f:8:24:8:Infinity":0,"s:9:31:9:Infinity":0,"s:10:17:10:Infinity":1,"s:12:2:14:Infinity":2,"f:12:12:12:Infinity":1,"s:13:4:13:Infinity":3,"s:16:26:48:Infinity":4,"f:16:26:16:33":2,"b:17:4:24:Infinity:undefined:undefined:undefined:undefined":0,"s:17:4:24:Infinity":5,"b:17:8:17:19:17:23:17:35":1,"s:18:6:22:Infinity":6,"s:23:6:23:Infinity":7,"s:26:24:36:Infinity":8,"b:29:21:29:31:29:35:29:46":2,"s:38:4:47:Infinity":9,"s:39:6:39:Infinity":10,"s:40:6:40:Infinity":11,"s:42:6:46:Infinity":12,"s:50:2:56:Infinity":13,"f:55:22:55:23":3,"s:55:31:56:Infinity":14,"f:62:31:62:37":4,"s:62:37:62:57":15,"b:56:21:56:25:56:29:56:34:56:38:56:Infinity":3}}}
,"C:\\Users\\krath\\Desktop\\pruebas\\PruebasProyectoU1\\Frontend\\src\\components\\CatalogSection.tsx": {"path":"C:\\Users\\krath\\Desktop\\pruebas\\PruebasProyectoU1\\Frontend\\src\\components\\CatalogSection.tsx","statementMap":{"0":{"start":{"line":7,"column":31},"end":{"line":7,"column":null}},"1":{"start":{"line":8,"column":2},"end":{"line":10,"column":null}},"2":{"start":{"line":9,"column":4},"end":{"line":9,"column":null}},"3":{"start":{"line":12,"column":2},"end":{"line":18,"column":null}},"4":{"start":{"line":17,"column":31},"end":{"line":18,"column":null}}},"fnMap":{"0":{"name":"CatalogSection","decl":{"start":{"line":6,"column":24},"end":{"line":6,"column":null}},"loc":{"start":{"line":6,"column":24},"end":{"line":31,"column":null}},"line":6},"1":{"name":"(anonymous_1)","decl":{"start":{"line":8,"column":12},"end":{"line":8,"column":null}},"loc":{"start":{"line":8,"column":12},"end":{"line":10,"column":5}},"line":8},"2":{"name":"(anonymous_2)","decl":{"start":{"line":17,"column":22},"end":{"line":17,"column":23}},"loc":{"start":{"line":17,"column":31},"end":{"line":18,"column":null}},"line":17}},"branchMap":{"0":{"loc":{"start":{"line":18,"column":21},"end":{"line":18,"column":null}},"type":"binary-expr","locations":[{"start":{"line":18,"column":21},"end":{"line":18,"column":25}},{"start":{"line":18,"column":29},"end":{"line":18,"column":34}},{"start":{"line":18,"column":38},"end":{"line":18,"column":null}}],"line":18}},"s":{"0":10,"1":10,"2":5,"3":10,"4":6},"f":{"0":10,"1":5,"2":6},"b":{"0":[6,0,0]},"meta":{"lastBranch":1,"lastFunction":3,"lastStatement":5,"seen":{"f:6:24:6:Infinity":0,"s:7:31:7:Infinity":0,"s:8:2:10:Infinity":1,"f:8:12:8:Infinity":1,"s:9:4:9:Infinity":2,"s:12:2:18:Infinity":3,"f:17:22:17:23":2,"s:17:31:18:Infinity":4,"b:18:21:18:25:18:29:18:34:18:38:18:Infinity":0}}}
,"C:\\Users\\krath\\Desktop\\pruebas\\PruebasProyectoU1\\Frontend\\src\\components\\FilterSection.tsx": {"path":"C:\\Users\\krath\\Desktop\\pruebas\\PruebasProyectoU1\\Frontend\\src\\components\\FilterSection.tsx","statementMap":{"0":{"start":{"line":8,"column":31},"end":{"line":8,"column":null}},"1":{"start":{"line":9,"column":27},"end":{"line":9,"column":null}},"2":{"start":{"line":10,"column":2},"end":{"line":12,"column":null}},"3":{"start":{"line":11,"column":4},"end":{"line":11,"column":null}},"4":{"start":{"line":13,"column":19},"end":{"line":13,"column":null}},"5":{"start":{"line":13,"column":47},"end":{"line":13,"column":null}},"6":{"start":{"line":15,"column":2},"end":{"line":27,"column":null}},"7":{"start":{"line":23,"column":23},"end":{"line":23,"column":null}},"8":{"start":{"line":26,"column":31},"end":{"line":27,"column":null}}},"fnMap":{"0":{"name":"FilterSection","decl":{"start":{"line":7,"column":24},"end":{"line":7,"column":null}},"loc":{"start":{"line":7,"column":24},"end":{"line":40,"column":null}},"line":7},"1":{"name":"(anonymous_1)","decl":{"start":{"line":10,"column":12},"end":{"line":10,"column":null}},"loc":{"start":{"line":10,"column":12},"end":{"line":12,"column":5}},"line":10},"2":{"name":"(anonymous_2)","decl":{"start":{"line":13,"column":35},"end":{"line":13,"column":36}},"loc":{"start":{"line":13,"column":47},"end":{"line":13,"column":null}},"line":13},"3":{"name":"(anonymous_3)","decl":{"start":{"line":23,"column":18},"end":{"line":23,"column":23}},"loc":{"start":{"line":23,"column":23},"end":{"line":23,"column":null}},"line":23},"4":{"name":"(anonymous_4)","decl":{"start":{"line":26,"column":22},"end":{"line":26,"column":23}},"loc":{"start":{"line":26,"column":31},"end":{"line":27,"column":null}},"line":26}},"branchMap":{"0":{"loc":{"start":{"line":27,"column":21},"end":{"line":27,"column":null}},"type":"binary-expr","locations":[{"start":{"line":27,"column":21},"end":{"line":27,"column":25}},{"start":{"line":27,"column":29},"end":{"line":27,"column":34}},{"start":{"line":27,"column":38},"end":{"line":27,"column":null}}],"line":27}},"s":{"0":13,"1":13,"2":13,"3":5,"4":13,"5":21,"6":13,"7":3,"8":14},"f":{"0":13,"1":5,"2":21,"3":3,"4":14},"b":{"0":[14,0,0]},"meta":{"lastBranch":1,"lastFunction":5,"lastStatement":9,"seen":{"f:7:24:7:Infinity":0,"s:8:31:8:Infinity":0,"s:9:27:9:Infinity":1,"s:10:2:12:Infinity":2,"f:10:12:10:Infinity":1,"s:11:4:11:Infinity":3,"s:13:19:13:Infinity":4,"f:13:35:13:36":2,"s:13:47:13:Infinity":5,"s:15:2:27:Infinity":6,"f:23:18:23:23":3,"s:23:23:23:Infinity":7,"f:26:22:26:23":4,"s:26:31:27:Infinity":8,"b:27:21:27:25:27:29:27:34:27:38:27:Infinity":0}}}
,"C:\\Users\\krath\\Desktop\\pruebas\\PruebasProyectoU1\\Frontend\\src\\components\\OrdersSection.tsx": {"path":"C:\\Users\\krath\\Desktop\\pruebas\\PruebasProyectoU1\\Frontend\\src\\components\\OrdersSection.tsx","statementMap":{"0":{"start":{"line":10,"column":27},"end":{"line":10,"column":null}},"1":{"start":{"line":11,"column":27},"end":{"line":11,"column":null}},"2":{"start":{"line":12,"column":35},"end":{"line":12,"column":null}},"3":{"start":{"line":13,"column":17},"end":{"line":13,"column":null}},"4":{"start":{"line":15,"column":22},"end":{"line":15,"column":null}},"5":{"start":{"line":15,"column":28},"end":{"line":15,"column":null}},"6":{"start":{"line":17,"column":2},"end":{"line":19,"column":null}},"7":{"start":{"line":18,"column":4},"end":{"line":18,"column":null}},"8":{"start":{"line":21,"column":23},"end":{"line":26,"column":null}},"9":{"start":{"line":22,"column":4},"end":{"line":22,"column":null}},"10":{"start":{"line":22,"column":13},"end":{"line":22,"column":null}},"11":{"start":{"line":23,"column":4},"end":{"line":23,"column":null}},"12":{"start":{"line":24,"column":4},"end":{"line":24,"column":null}},"13":{"start":{"line":25,"column":4},"end":{"line":25,"column":null}},"14":{"start":{"line":28,"column":21},"end":{"line":31,"column":null}},"15":{"start":{"line":29,"column":4},"end":{"line":29,"column":null}},"16":{"start":{"line":30,"column":4},"end":{"line":30,"column":null}},"17":{"start":{"line":33,"column":27},"end":{"line":40,"column":null}},"18":{"start":{"line":34,"column":4},"end":{"line":34,"column":null}},"19":{"start":{"line":35,"column":4},"end":{"line":35,"column":null}},"20":{"start":{"line":35,"column":17},"end":{"line":35,"column":null}},"21":{"start":{"line":36,"column":4},"end":{"line":36,"column":null}},"22":{"start":{"line":37,"column":4},"end":{"line":37,"column":null}},"23":{"start":{"line":38,"column":4},"end":{"line":38,"column":null}},"24":{"start":{"line":39,"column":4},"end":{"line":39,"column":null}},"25":{"start":{"line":42,"column":2},"end":{"line":61,"column":null}},"26":{"start":{"line":53,"column":27},"end":{"line":53,"column":null}},"27":{"start":{"line":56,"column":63},"end":{"line":56,"column":80}},"28":{"start":{"line":60,"column":29},"end":{"line":61,"column":null}},"29":{"start":{"line":69,"column":64},"end":{"line":69,"column":79}},"30":{"start":{"line":70,"column":69},"end":{"line":70,"column":98}}},"fnMap":{"0":{"name":"OrdersSection","decl":{"start":{"line":9,"column":24},"end":{"line":9,"column":null}},"loc":{"start":{"line":9,"column":24},"end":{"line":77,"column":null}},"line":9},"1":{"name":"(anonymous_1)","decl":{"start":{"line":15,"column":22},"end":{"line":15,"column":28}},"loc":{"start":{"line":15,"column":28},"end":{"line":15,"column":null}},"line":15},"2":{"name":"(anonymous_2)","decl":{"start":{"line":17,"column":12},"end":{"line":17,"column":null}},"loc":{"start":{"line":17,"column":12},"end":{"line":19,"column":5}},"line":17},"3":{"name":"(anonymous_3)","decl":{"start":{"line":21,"column":23},"end":{"line":21,"column":30}},"loc":{"start":{"line":21,"column":30},"end":{"line":26,"column":null}},"line":21},"4":{"name":"(anonymous_4)","decl":{"start":{"line":28,"column":21},"end":{"line":28,"column":22}},"loc":{"start":{"line":28,"column":22},"end":{"line":31,"column":null}},"line":28},"5":{"name":"(anonymous_5)","decl":{"start":{"line":33,"column":27},"end":{"line":33,"column":34}},"loc":{"start":{"line":33,"column":34},"end":{"line":40,"column":null}},"line":33},"6":{"name":"(anonymous_6)","decl":{"start":{"line":53,"column":22},"end":{"line":53,"column":27}},"loc":{"start":{"line":53,"column":27},"end":{"line":53,"column":null}},"line":53},"7":{"name":"(anonymous_7)","decl":{"start":{"line":56,"column":57},"end":{"line":56,"column":63}},"loc":{"start":{"line":56,"column":63},"end":{"line":56,"column":80}},"line":56},"8":{"name":"(anonymous_8)","decl":{"start":{"line":60,"column":20},"end":{"line":60,"column":21}},"loc":{"start":{"line":60,"column":29},"end":{"line":61,"column":null}},"line":60},"9":{"name":"(anonymous_9)","decl":{"start":{"line":69,"column":58},"end":{"line":69,"column":64}},"loc":{"start":{"line":69,"column":64},"end":{"line":69,"column":79}},"line":69},"10":{"name":"(anonymous_10)","decl":{"start":{"line":70,"column":63},"end":{"line":70,"column":69}},"loc":{"start":{"line":70,"column":69},"end":{"line":70,"column":98}},"line":70}},"branchMap":{"0":{"loc":{"start":{"line":22,"column":4},"end":{"line":22,"column":null}},"type":"if","locations":[{"start":{"line":22,"column":4},"end":{"line":22,"column":null}},{"start":{},"end":{}}],"line":22},"1":{"loc":{"start":{"line":29,"column":14},"end":{"line":29,"column":27}},"type":"binary-expr","locations":[{"start":{"line":29,"column":14},"end":{"line":29,"column":18}},{"start":{"line":29,"column":22},"end":{"line":29,"column":27}}],"line":29},"2":{"loc":{"start":{"line":30,"column":18},"end":{"line":30,"column":null}},"type":"binary-expr","locations":[{"start":{"line":30,"column":18},"end":{"line":30,"column":26}},{"start":{"line":30,"column":30},"end":{"line":30,"column":null}}],"line":30},"3":{"loc":{"start":{"line":35,"column":4},"end":{"line":35,"column":null}},"type":"if","locations":[{"start":{"line":35,"column":4},"end":{"line":35,"column":null}},{"start":{},"end":{}}],"line":35},"4":{"loc":{"start":{"line":46,"column":7},"end":{"line":56,"column":null}},"type":"binary-expr","locations":[{"start":{"line":46,"column":7},"end":{"line":46,"column":null}},{"start":{"line":46,"column":7},"end":{"line":56,"column":null}}],"line":46},"5":{"loc":{"start":{"line":63,"column":34},"end":{"line":63,"column":null}},"type":"binary-expr","locations":[{"start":{"line":63,"column":34},"end":{"line":63,"column":38}},{"start":{"line":63,"column":42},"end":{"line":63,"column":47}},{"start":{"line":63,"column":51},"end":{"line":63,"column":null}}],"line":63},"6":{"loc":{"start":{"line":70,"column":82},"end":{"line":70,"column":95}},"type":"binary-expr","locations":[{"start":{"line":70,"column":82},"end":{"line":70,"column":86}},{"start":{"line":70,"column":90},"end":{"line":70,"column":95}}],"line":70},"7":{"loc":{"start":{"line":61,"column":21},"end":{"line":61,"column":null}},"type":"binary-expr","locations":[{"start":{"line":61,"column":21},"end":{"line":61,"column":25}},{"start":{"line":61,"column":29},"end":{"line":61,"column":34}},{"start":{"line":61,"column":38},"end":{"line":61,"column":null}}],"line":61}},"s":{"0":16,"1":16,"2":16,"3":16,"4":16,"5":7,"6":16,"7":5,"8":16,"9":1,"10":0,"11":1,"12":1,"13":1,"14":16,"15":2,"16":2,"17":16,"18":1,"19":1,"20":0,"21":1,"22":1,"23":1,"24":1,"25":16,"26":1,"27":0,"28":22,"29":2,"30":1},"f":{"0":16,"1":7,"2":5,"3":1,"4":2,"5":1,"6":1,"7":0,"8":22,"9":2,"10":1},"b":{"0":[0,1],"1":[2,0],"2":[2,0],"3":[0,1],"4":[16,3],"5":[22,0,0],"6":[1,0],"7":[22,0,0]},"meta":{"lastBranch":8,"lastFunction":11,"lastStatement":31,"seen":{"f:9:24:9:Infinity":0,"s:10:27:10:Infinity":0,"s:11:27:11:Infinity":1,"s:12:35:12:Infinity":2,"s:13:17:13:Infinity":3,"s:15:22:15:Infinity":4,"f:15:22:15:28":1,"s:15:28:15:Infinity":5,"s:17:2:19:Infinity":6,"f:17:12:17:Infinity":2,"s:18:4:18:Infinity":7,"s:21:23:26:Infinity":8,"f:21:23:21:30":3,"b:22:4:22:Infinity:undefined:undefined:undefined:undefined":0,"s:22:4:22:Infinity":9,"s:22:13:22:Infinity":10,"s:23:4:23:Infinity":11,"s:24:4:24:Infinity":12,"s:25:4:25:Infinity":13,"s:28:21:31:Infinity":14,"f:28:21:28:22":4,"s:29:4:29:Infinity":15,"b:29:14:29:18:29:22:29:27":1,"s:30:4:30:Infinity":16,"b:30:18:30:26:30:30:30:Infinity":2,"s:33:27:40:Infinity":17,"f:33:27:33:34":5,"s:34:4:34:Infinity":18,"b:35:4:35:Infinity:undefined:undefined:undefined:undefined":3,"s:35:4:35:Infinity":19,"s:35:17:35:Infinity":20,"s:36:4:36:Infinity":21,"s:37:4:37:Infinity":22,"s:38:4:38:Infinity":23,"s:39:4:39:Infinity":24,"s:42:2:61:Infinity":25,"b:46:7:46:Infinity:46:7:56:Infinity":4,"f:53:22:53:27":6,"s:53:27:53:Infinity":26,"f:56:57:56:63":7,"s:56:63:56:80":27,"f:60:20:60:21":8,"s:60:29:61:Infinity":28,"b:63:34:63:38:63:42:63:47:63:51:63:Infinity":5,"f:69:58:69:64":9,"s:69:64:69:79":29,"f:70:63:70:69":10,"s:70:69:70:98":30,"b:70:82:70:86:70:90:70:95":6,"b:61:21:61:25:61:29:61:34:61:38:61:Infinity":7}}}
,"C:\\Users\\krath\\Desktop\\pruebas\\PruebasProyectoU1\\Frontend\\src\\components\\PaymentSection.tsx": {"path":"C:\\Users\\krath\\Desktop\\pruebas\\PruebasProyectoU1\\Frontend\\src\\components\\PaymentSection.tsx","statementMap":{"0":{"start":{"line":7,"column":31},"end":{"line":7,"column":null}},"1":{"start":{"line":8,"column":2},"end":{"line":10,"column":null}},"2":{"start":{"line":9,"column":4},"end":{"line":9,"column":null}},"3":{"start":{"line":12,"column":2},"end":{"line":18,"column":null}},"4":{"start":{"line":17,"column":31},"end":{"line":18,"column":null}}},"fnMap":{"0":{"name":"PaymentSection","decl":{"start":{"line":6,"column":24},"end":{"line":6,"column":null}},"loc":{"start":{"line":6,"column":24},"end":{"line":31,"column":null}},"line":6},"1":{"name":"(anonymous_1)","decl":{"start":{"line":8,"column":12},"end":{"line":8,"column":null}},"loc":{"start":{"line":8,"column":12},"end":{"line":10,"column":5}},"line":8},"2":{"name":"(anonymous_2)","decl":{"start":{"line":17,"column":22},"end":{"line":17,"column":23}},"loc":{"start":{"line":17,"column":31},"end":{"line":18,"column":null}},"line":17}},"branchMap":{"0":{"loc":{"start":{"line":20,"column":32},"end":{"line":20,"column":null}},"type":"binary-expr","locations":[{"start":{"line":20,"column":32},"end":{"line":20,"column":36}},{"start":{"line":20,"column":40},"end":{"line":20,"column":45}},{"start":{"line":20,"column":49},"end":{"line":20,"column":null}}],"line":20},"1":{"loc":{"start":{"line":18,"column":21},"end":{"line":18,"column":null}},"type":"binary-expr","locations":[{"start":{"line":18,"column":21},"end":{"line":18,"column":25}},{"start":{"line":18,"column":29},"end":{"line":18,"column":34}},{"start":{"line":18,"column":38},"end":{"line":18,"column":null}}],"line":18}},"s":{"0":10,"1":10,"2":5,"3":10,"4":6},"f":{"0":10,"1":5,"2":6},"b":{"0":[6,0,0],"1":[6,0,0]},"meta":{"lastBranch":2,"lastFunction":3,"lastStatement":5,"seen":{"f:6:24:6:Infinity":0,"s:7:31:7:Infinity":0,"s:8:2:10:Infinity":1,"f:8:12:8:Infinity":1,"s:9:4:9:Infinity":2,"s:12:2:18:Infinity":3,"f:17:22:17:23":2,"s:17:31:18:Infinity":4,"b:20:32:20:36:20:40:20:45:20:49:20:Infinity":0,"b:18:21:18:25:18:29:18:34:18:38:18:Infinity":1}}}
,"C:\\Users\\krath\\Desktop\\pruebas\\PruebasProyectoU1\\Frontend\\src\\components\\RegisterProductSection.tsx": {"path":"C:\\Users\\krath\\Desktop\\pruebas\\PruebasProyectoU1\\Frontend\\src\\components\\RegisterProductSection.tsx","statementMap":{"0":{"start":{"line":10,"column":23},"end":{"line":18,"column":null}},"1":{"start":{"line":19,"column":31},"end":{"line":19,"column":null}},"2":{"start":{"line":20,"column":27},"end":{"line":20,"column":null}},"3":{"start":{"line":21,"column":31},"end":{"line":29,"column":null}},"4":{"start":{"line":30,"column":17},"end":{"line":30,"column":null}},"5":{"start":{"line":32,"column":24},"end":{"line":32,"column":null}},"6":{"start":{"line":32,"column":30},"end":{"line":32,"column":null}},"7":{"start":{"line":34,"column":2},"end":{"line":36,"column":null}},"8":{"start":{"line":35,"column":4},"end":{"line":35,"column":null}},"9":{"start":{"line":38,"column":23},"end":{"line":66,"column":null}},"10":{"start":{"line":39,"column":4},"end":{"line":39,"column":null}},"11":{"start":{"line":41,"column":4},"end":{"line":44,"column":null}},"12":{"start":{"line":42,"column":6},"end":{"line":42,"column":null}},"13":{"start":{"line":43,"column":6},"end":{"line":43,"column":null}},"14":{"start":{"line":45,"column":24},"end":{"line":53,"column":null}},"15":{"start":{"line":55,"column":4},"end":{"line":55,"column":null}},"16":{"start":{"line":57,"column":4},"end":{"line":65,"column":null}},"17":{"start":{"line":58,"column":6},"end":{"line":58,"column":null}},"18":{"start":{"line":59,"column":6},"end":{"line":59,"column":null}},"19":{"start":{"line":60,"column":6},"end":{"line":60,"column":null}},"20":{"start":{"line":61,"column":6},"end":{"line":61,"column":null}},"21":{"start":{"line":63,"column":6},"end":{"line":63,"column":null}},"22":{"start":{"line":64,"column":6},"end":{"line":64,"column":null}},"23":{"start":{"line":68,"column":21},"end":{"line":79,"column":null}},"24":{"start":{"line":69,"column":4},"end":{"line":69,"column":null}},"25":{"start":{"line":70,"column":4},"end":{"line":78,"column":null}},"26":{"start":{"line":81,"column":27},"end":{"line":104,"column":null}},"27":{"start":{"line":82,"column":4},"end":{"line":82,"column":null}},"28":{"start":{"line":83,"column":4},"end":{"line":83,"column":null}},"29":{"start":{"line":83,"column":17},"end":{"line":83,"column":null}},"30":{"start":{"line":85,"column":27},"end":{"line":93,"column":null}},"31":{"start":{"line":95,"column":4},"end":{"line":103,"column":null}},"32":{"start":{"line":96,"column":6},"end":{"line":96,"column":null}},"33":{"start":{"line":97,"column":6},"end":{"line":97,"column":null}},"34":{"start":{"line":98,"column":6},"end":{"line":98,"column":null}},"35":{"start":{"line":99,"column":6},"end":{"line":99,"column":null}},"36":{"start":{"line":101,"column":6},"end":{"line":101,"column":null}},"37":{"start":{"line":102,"column":6},"end":{"line":102,"column":null}},"38":{"start":{"line":106,"column":23},"end":{"line":114,"column":null}},"39":{"start":{"line":107,"column":4},"end":{"line":113,"column":null}},"40":{"start":{"line":108,"column":6},"end":{"line":108,"column":null}},"41":{"start":{"line":109,"column":6},"end":{"line":109,"column":null}},"42":{"start":{"line":110,"column":6},"end":{"line":110,"column":null}},"43":{"start":{"line":112,"column":6},"end":{"line":112,"column":null}},"44":{"start":{"line":116,"column":2},"end":{"line":224,"column":null}},"45":{"start":{"line":125,"column":27},"end":{"line":125,"column":null}},"46":{"start":{"line":131,"column":27},"end":{"line":131,"column":null}},"47":{"start":{"line":138,"column":27},"end":{"line":138,"column":null}},"48":{"start":{"line":145,"column":27},"end":{"line":145,"column":null}},"49":{"start":{"line":151,"column":27},"end":{"line":151,"column":null}},"50":{"start":{"line":157,"column":27},"end":{"line":157,"column":null}},"51":{"start":{"line":163,"column":27},"end":{"line":163,"column":null}},"52":{"start":{"line":175,"column":29},"end":{"line":175,"column":null}},"53":{"start":{"line":181,"column":29},"end":{"line":181,"column":null}},"54":{"start":{"line":188,"column":29},"end":{"line":188,"column":null}},"55":{"start":{"line":195,"column":29},"end":{"line":195,"column":null}},"56":{"start":{"line":201,"column":29},"end":{"line":201,"column":null}},"57":{"start":{"line":207,"column":29},"end":{"line":207,"column":null}},"58":{"start":{"line":213,"column":29},"end":{"line":213,"column":null}},"59":{"start":{"line":216,"column":63},"end":{"line":216,"column":80}},"60":{"start":{"line":223,"column":31},"end":{"line":224,"column":null}},"61":{"start":{"line":237,"column":64},"end":{"line":237,"column":79}},"62":{"start":{"line":240,"column":69},"end":{"line":240,"column":98}}},"fnMap":{"0":{"name":"RegisterProductSection","decl":{"start":{"line":9,"column":24},"end":{"line":9,"column":null}},"loc":{"start":{"line":9,"column":24},"end":{"line":249,"column":null}},"line":9},"1":{"name":"(anonymous_1)","decl":{"start":{"line":32,"column":24},"end":{"line":32,"column":30}},"loc":{"start":{"line":32,"column":30},"end":{"line":32,"column":null}},"line":32},"2":{"name":"(anonymous_2)","decl":{"start":{"line":34,"column":12},"end":{"line":34,"column":null}},"loc":{"start":{"line":34,"column":12},"end":{"line":36,"column":5}},"line":34},"3":{"name":"(anonymous_3)","decl":{"start":{"line":38,"column":23},"end":{"line":38,"column":30}},"loc":{"start":{"line":38,"column":30},"end":{"line":66,"column":null}},"line":38},"4":{"name":"(anonymous_4)","decl":{"start":{"line":68,"column":21},"end":{"line":68,"column":22}},"loc":{"start":{"line":68,"column":22},"end":{"line":79,"column":null}},"line":68},"5":{"name":"(anonymous_5)","decl":{"start":{"line":81,"column":27},"end":{"line":81,"column":34}},"loc":{"start":{"line":81,"column":34},"end":{"line":104,"column":null}},"line":81},"6":{"name":"(anonymous_6)","decl":{"start":{"line":106,"column":23},"end":{"line":106,"column":30}},"loc":{"start":{"line":106,"column":30},"end":{"line":114,"column":null}},"line":106},"7":{"name":"(anonymous_7)","decl":{"start":{"line":125,"column":20},"end":{"line":125,"column":21}},"loc":{"start":{"line":125,"column":27},"end":{"line":125,"column":null}},"line":125},"8":{"name":"(anonymous_8)","decl":{"start":{"line":131,"column":20},"end":{"line":131,"column":21}},"loc":{"start":{"line":131,"column":27},"end":{"line":131,"column":null}},"line":131},"9":{"name":"(anonymous_9)","decl":{"start":{"line":138,"column":20},"end":{"line":138,"column":21}},"loc":{"start":{"line":138,"column":27},"end":{"line":138,"column":null}},"line":138},"10":{"name":"(anonymous_10)","decl":{"start":{"line":145,"column":20},"end":{"line":145,"column":21}},"loc":{"start":{"line":145,"column":27},"end":{"line":145,"column":null}},"line":145},"11":{"name":"(anonymous_11)","decl":{"start":{"line":151,"column":20},"end":{"line":151,"column":21}},"loc":{"start":{"line":151,"column":27},"end":{"line":151,"column":null}},"line":151},"12":{"name":"(anonymous_12)","decl":{"start":{"line":157,"column":20},"end":{"line":157,"column":21}},"loc":{"start":{"line":157,"column":27},"end":{"line":157,"column":null}},"line":157},"13":{"name":"(anonymous_13)","decl":{"start":{"line":163,"column":20},"end":{"line":163,"column":21}},"loc":{"start":{"line":163,"column":27},"end":{"line":163,"column":null}},"line":163},"14":{"name":"(anonymous_14)","decl":{"start":{"line":175,"column":22},"end":{"line":175,"column":23}},"loc":{"start":{"line":175,"column":29},"end":{"line":175,"column":null}},"line":175},"15":{"name":"(anonymous_15)","decl":{"start":{"line":181,"column":22},"end":{"line":181,"column":23}},"loc":{"start":{"line":181,"column":29},"end":{"line":181,"column":null}},"line":181},"16":{"name":"(anonymous_16)","decl":{"start":{"line":188,"column":22},"end":{"line":188,"column":23}},"loc":{"start":{"line":188,"column":29},"end":{"line":188,"column":null}},"line":188},"17":{"name":"(anonymous_17)","decl":{"start":{"line":195,"column":22},"end":{"line":195,"column":23}},"loc":{"start":{"line":195,"column":29},"end":{"line":195,"column":null}},"line":195},"18":{"name":"(anonymous_18)","decl":{"start":{"line":201,"column":22},"end":{"line":201,"column":23}},"loc":{"start":{"line":201,"column":29},"end":{"line":201,"column":null}},"line":201},"19":{"name":"(anonymous_19)","decl":{"start":{"line":207,"column":22},"end":{"line":207,"column":23}},"loc":{"start":{"line":207,"column":29},"end":{"line":207,"column":null}},"line":207},"20":{"name":"(anonymous_20)","decl":{"start":{"line":213,"column":22},"end":{"line":213,"column":23}},"loc":{"start":{"line":213,"column":29},"end":{"line":213,"column":null}},"line":213},"21":{"name":"(anonymous_21)","decl":{"start":{"line":216,"column":57},"end":{"line":216,"column":63}},"loc":{"start":{"line":216,"column":63},"end":{"line":216,"column":80}},"line":216},"22":{"name":"(anonymous_22)","decl":{"start":{"line":223,"column":22},"end":{"line":223,"column":23}},"loc":{"start":{"line":223,"column":31},"end":{"line":224,"column":null}},"line":223},"23":{"name":"(anonymous_23)","decl":{"start":{"line":237,"column":58},"end":{"line":237,"column":64}},"loc":{"start":{"line":237,"column":64},"end":{"line":237,"column":79}},"line":237},"24":{"name":"(anonymous_24)","decl":{"start":{"line":240,"column":63},"end":{"line":240,"column":69}},"loc":{"start":{"line":240,"column":69},"end":{"line":240,"column":98}},"line":240}},"branchMap":{"0":{"loc":{"start":{"line":41,"column":4},"end":{"line":44,"column":null}},"type":"if","locations":[{"start":{"line":41,"column":4},"end":{"line":44,"column":null}},{"start":{},"end":{}}],"line":41},"1":{"loc":{"start":{"line":41,"column":8},"end":{"line":41,"column":61}},"type":"binary-expr","locations":[{"start":{"line":41,"column":8},"end":{"line":41,"column":18}},{"start":{"line":41,"column":22},"end":{"line":41,"column":33}},{"start":{"line":41,"column":37},"end":{"line":41,"column":48}},{"start":{"line":41,"column":52},"end":{"line":41,"column":61}}],"line":41},"2":{"loc":{"start":{"line":50,"column":19},"end":{"line":50,"column":null}},"type":"binary-expr","locations":[{"start":{"line":50,"column":19},"end":{"line":50,"column":35}},{"start":{"line":50,"column":39},"end":{"line":50,"column":null}}],"line":50},"3":{"loc":{"start":{"line":51,"column":18},"end":{"line":51,"column":null}},"type":"binary-expr","locations":[{"start":{"line":51,"column":18},"end":{"line":51,"column":33}},{"start":{"line":51,"column":37},"end":{"line":51,"column":null}}],"line":51},"4":{"loc":{"start":{"line":69,"column":14},"end":{"line":69,"column":27}},"type":"binary-expr","locations":[{"start":{"line":69,"column":14},"end":{"line":69,"column":18}},{"start":{"line":69,"column":22},"end":{"line":69,"column":27}}],"line":69},"5":{"loc":{"start":{"line":71,"column":17},"end":{"line":71,"column":null}},"type":"binary-expr","locations":[{"start":{"line":71,"column":17},"end":{"line":71,"column":28}},{"start":{"line":71,"column":32},"end":{"line":71,"column":null}}],"line":71},"6":{"loc":{"start":{"line":75,"column":19},"end":{"line":75,"column":null}},"type":"binary-expr","locations":[{"start":{"line":75,"column":19},"end":{"line":75,"column":32}},{"start":{"line":75,"column":36},"end":{"line":75,"column":null}}],"line":75},"7":{"loc":{"start":{"line":76,"column":18},"end":{"line":76,"column":null}},"type":"binary-expr","locations":[{"start":{"line":76,"column":18},"end":{"line":76,"column":30}},{"start":{"line":76,"column":34},"end":{"line":76,"column":null}}],"line":76},"8":{"loc":{"start":{"line":77,"column":11},"end":{"line":77,"column":null}},"type":"binary-expr","locations":[{"start":{"line":77,"column":11},"end":{"line":77,"column":16}},{"start":{"line":77,"column":20},"end":{"line":77,"column":null}}],"line":77},"9":{"loc":{"start":{"line":83,"column":4},"end":{"line":83,"column":null}},"type":"if","locations":[{"start":{"line":83,"column":4},"end":{"line":83,"column":null}},{"start":{},"end":{}}],"line":83},"10":{"loc":{"start":{"line":168,"column":7},"end":{"line":216,"column":null}},"type":"binary-expr","locations":[{"start":{"line":168,"column":7},"end":{"line":168,"column":null}},{"start":{"line":168,"column":7},"end":{"line":216,"column":null}}],"line":168},"11":{"loc":{"start":{"line":240,"column":82},"end":{"line":240,"column":95}},"type":"binary-expr","locations":[{"start":{"line":240,"column":82},"end":{"line":240,"column":86}},{"start":{"line":240,"column":90},"end":{"line":240,"column":95}}],"line":240},"12":{"loc":{"start":{"line":224,"column":21},"end":{"line":224,"column":null}},"type":"binary-expr","locations":[{"start":{"line":224,"column":21},"end":{"line":224,"column":25}},{"start":{"line":224,"column":29},"end":{"line":224,"column":34}},{"start":{"line":224,"column":38},"end":{"line":224,"column":null}}],"line":224}},"s":{"0":8,"1":8,"2":8,"3":8,"4":8,"5":8,"6":5,"7":8,"8":5,"9":8,"10":0,"11":0,"12":0,"13":0,"14":0,"15":0,"16":0,"17":0,"18":0,"19":0,"20":0,"21":0,"22":0,"23":8,"24":0,"25":0,"26":8,"27":0,"28":0,"29":0,"30":0,"31":0,"32":0,"33":0,"34":0,"35":0,"36":0,"37":0,"38":8,"39":0,"40":0,"41":0,"42":0,"43":0,"44":8,"45":0,"46":0,"47":0,"48":0,"49":0,"50":0,"51":0,"52":0,"53":0,"54":0,"55":0,"56":0,"57":0,"58":0,"59":0,"60":2,"61":0,"62":0},"f":{"0":8,"1":5,"2":5,"3":0,"4":0,"5":0,"6":0,"7":0,"8":0,"9":0,"10":0,"11":0,"12":0,"13":0,"14":0,"15":0,"16":0,"17":0,"18":0,"19":0,"20":0,"21":0,"22":2,"23":0,"24":0},"b":{"0":[0,0],"1":[0,0,0,0],"2":[0,0],"3":[0,0],"4":[0,0],"5":[0,0],"6":[0,0],"7":[0,0],"8":[0,0],"9":[0,0],"10":[8,0],"11":[0,0],"12":[2,2,2]},"meta":{"lastBranch":13,"lastFunction":25,"lastStatement":63,"seen":{"f:9:24:9:Infinity":0,"s:10:23:18:Infinity":0,"s:19:31:19:Infinity":1,"s:20:27:20:Infinity":2,"s:21:31:29:Infinity":3,"s:30:17:30:Infinity":4,"s:32:24:32:Infinity":5,"f:32:24:32:30":1,"s:32:30:32:Infinity":6,"s:34:2:36:Infinity":7,"f:34:12:34:Infinity":2,"s:35:4:35:Infinity":8,"s:38:23:66:Infinity":9,"f:38:23:38:30":3,"s:39:4:39:Infinity":10,"b:41:4:44:Infinity:undefined:undefined:undefined:undefined":0,"s:41:4:44:Infinity":11,"b:41:8:41:18:41:22:41:33:41:37:41:48:41:52:41:61":1,"s:42:6:42:Infinity":12,"s:43:6:43:Infinity":13,"s:45:24:53:Infinity":14,"b:50:19:50:35:50:39:50:Infinity":2,"b:51:18:51:33:51:37:51:Infinity":3,"s:55:4:55:Infinity":15,"s:57:4:65:Infinity":16,"s:58:6:58:Infinity":17,"s:59:6:59:Infinity":18,"s:60:6:60:Infinity":19,"s:61:6:61:Infinity":20,"s:63:6:63:Infinity":21,"s:64:6:64:Infinity":22,"s:68:21:79:Infinity":23,"f:68:21:68:22":4,"s:69:4:69:Infinity":24,"b:69:14:69:18:69:22:69:27":4,"s:70:4:78:Infinity":25,"b:71:17:71:28:71:32:71:Infinity":5,"b:75:19:75:32:75:36:75:Infinity":6,"b:76:18:76:30:76:34:76:Infinity":7,"b:77:11:77:16:77:20:77:Infinity":8,"s:81:27:104:Infinity":26,"f:81:27:81:34":5,"s:82:4:82:Infinity":27,"b:83:4:83:Infinity:undefined:undefined:undefined:undefined":9,"s:83:4:83:Infinity":28,"s:83:17:83:Infinity":29,"s:85:27:93:Infinity":30,"s:95:4:103:Infinity":31,"s:96:6:96:Infinity":32,"s:97:6:97:Infinity":33,"s:98:6:98:Infinity":34,"s:99:6:99:Infinity":35,"s:101:6:101:Infinity":36,"s:102:6:102:Infinity":37,"s:106:23:114:Infinity":38,"f:106:23:106:30":6,"s:107:4:113:Infinity":39,"s:108:6:108:Infinity":40,"s:109:6:109:Infinity":41,"s:110:6:110:Infinity":42,"s:112:6:112:Infinity":43,"s:116:2:224:Infinity":44,"f:125:20:125:21":7,"s:125:27:125:Infinity":45,"f:131:20:131:21":8,"s:131:27:131:Infinity":46,"f:138:20:138:21":9,"s:138:27:138:Infinity":47,"f:145:20:145:21":10,"s:145:27:145:Infinity":48,"f:151:20:151:21":11,"s:151:27:151:Infinity":49,"f:157:20:157:21":12,"s:157:27:157:Infinity":50,"f:163:20:163:21":13,"s:163:27:163:Infinity":51,"b:168:7:168:Infinity:168:7:216:Infinity":10,"f:175:22:175:23":14,"s:175:29:175:Infinity":52,"f:181:22:181:23":15,"s:181:29:181:Infinity":53,"f:188:22:188:23":16,"s:188:29:188:Infinity":54,"f:195:22:195:23":17,"s:195:29:195:Infinity":55,"f:201:22:201:23":18,"s:201:29:201:Infinity":56,"f:207:22:207:23":19,"s:207:29:207:Infinity":57,"f:213:22:213:23":20,"s:213:29:213:Infinity":58,"f:216:57:216:63":21,"s:216:63:216:80":59,"f:223:22:223:23":22,"s:223:31:224:Infinity":60,"f:237:58:237:64":23,"s:237:64:237:79":61,"f:240:63:240:69":24,"s:240:69:240:98":62,"b:240:82:240:86:240:90:240:95":11,"b:224:21:224:25:224:29:224:34:224:38:224:Infinity":12}}}
,"C:\\Users\\krath\\Desktop\\pruebas\\PruebasProyectoU1\\Frontend\\src\\components\\StockSection.tsx": {"path":"C:\\Users\\krath\\Desktop\\pruebas\\PruebasProyectoU1\\Frontend\\src\\components\\StockSection.tsx","statementMap":{"0":{"start":{"line":10,"column":31},"end":{"line":10,"column":null}},"1":{"start":{"line":11,"column":27},"end":{"line":11,"column":null}},"2":{"start":{"line":12,"column":33},"end":{"line":12,"column":null}},"3":{"start":{"line":13,"column":17},"end":{"line":13,"column":null}},"4":{"start":{"line":15,"column":24},"end":{"line":15,"column":null}},"5":{"start":{"line":15,"column":30},"end":{"line":15,"column":null}},"6":{"start":{"line":17,"column":2},"end":{"line":19,"column":null}},"7":{"start":{"line":18,"column":4},"end":{"line":18,"column":null}},"8":{"start":{"line":21,"column":21},"end":{"line":24,"column":null}},"9":{"start":{"line":22,"column":4},"end":{"line":22,"column":null}},"10":{"start":{"line":23,"column":4},"end":{"line":23,"column":null}},"11":{"start":{"line":26,"column":27},"end":{"line":36,"column":null}},"12":{"start":{"line":27,"column":2},"end":{"line":36,"column":3}},"13":{"start":{"line":28,"column":4},"end":{"line":28,"column":null}},"14":{"start":{"line":29,"column":4},"end":{"line":29,"column":null}},"15":{"start":{"line":29,"column":17},"end":{"line":29,"column":null}},"16":{"start":{"line":30,"column":4},"end":{"line":30,"column":null}},"17":{"start":{"line":31,"column":4},"end":{"line":31,"column":null}},"18":{"start":{"line":32,"column":4},"end":{"line":32,"column":null}},"19":{"start":{"line":33,"column":4},"end":{"line":33,"column":null}},"20":{"start":{"line":35,"column":3},"end":{"line":35,"column":null}},"21":{"start":{"line":38,"column":2},"end":{"line":58,"column":null}},"22":{"start":{"line":50,"column":27},"end":{"line":50,"column":null}},"23":{"start":{"line":53,"column":63},"end":{"line":53,"column":80}},"24":{"start":{"line":57,"column":31},"end":{"line":58,"column":null}},"25":{"start":{"line":64,"column":47},"end":{"line":64,"column":62}}},"fnMap":{"0":{"name":"StockSection","decl":{"start":{"line":9,"column":24},"end":{"line":9,"column":null}},"loc":{"start":{"line":9,"column":24},"end":{"line":71,"column":null}},"line":9},"1":{"name":"(anonymous_1)","decl":{"start":{"line":15,"column":24},"end":{"line":15,"column":30}},"loc":{"start":{"line":15,"column":30},"end":{"line":15,"column":null}},"line":15},"2":{"name":"(anonymous_2)","decl":{"start":{"line":17,"column":12},"end":{"line":17,"column":null}},"loc":{"start":{"line":17,"column":12},"end":{"line":19,"column":5}},"line":17},"3":{"name":"(anonymous_3)","decl":{"start":{"line":21,"column":21},"end":{"line":21,"column":22}},"loc":{"start":{"line":21,"column":22},"end":{"line":24,"column":null}},"line":21},"4":{"name":"(anonymous_4)","decl":{"start":{"line":26,"column":27},"end":{"line":26,"column":34}},"loc":{"start":{"line":26,"column":34},"end":{"line":36,"column":null}},"line":26},"5":{"name":"(anonymous_5)","decl":{"start":{"line":50,"column":22},"end":{"line":50,"column":27}},"loc":{"start":{"line":50,"column":27},"end":{"line":50,"column":null}},"line":50},"6":{"name":"(anonymous_6)","decl":{"start":{"line":53,"column":57},"end":{"line":53,"column":63}},"loc":{"start":{"line":53,"column":63},"end":{"line":53,"column":80}},"line":53},"7":{"name":"(anonymous_7)","decl":{"start":{"line":57,"column":22},"end":{"line":57,"column":23}},"loc":{"start":{"line":57,"column":31},"end":{"line":58,"column":null}},"line":57},"8":{"name":"(anonymous_8)","decl":{"start":{"line":64,"column":41},"end":{"line":64,"column":47}},"loc":{"start":{"line":64,"column":47},"end":{"line":64,"column":62}},"line":64}},"branchMap":{"0":{"loc":{"start":{"line":22,"column":14},"end":{"line":22,"column":27}},"type":"binary-expr","locations":[{"start":{"line":22,"column":14},"end":{"line":22,"column":18}},{"start":{"line":22,"column":22},"end":{"line":22,"column":27}}],"line":22},"1":{"loc":{"start":{"line":29,"column":4},"end":{"line":29,"column":null}},"type":"if","locations":[{"start":{"line":29,"column":4},"end":{"line":29,"column":null}},{"start":{},"end":{}}],"line":29},"2":{"loc":{"start":{"line":42,"column":7},"end":{"line":53,"column":null}},"type":"binary-expr","locations":[{"start":{"line":42,"column":7},"end":{"line":42,"column":null}},{"start":{"line":42,"column":7},"end":{"line":53,"column":null}}],"line":42},"3":{"loc":{"start":{"line":58,"column":21},"end":{"line":58,"column":null}},"type":"binary-expr","locations":[{"start":{"line":58,"column":21},"end":{"line":58,"column":25}},{"start":{"line":58,"column":29},"end":{"line":58,"column":34}},{"start":{"line":58,"column":38},"end":{"line":58,"column":null}}],"line":58}},"s":{"0":18,"1":18,"2":18,"3":18,"4":18,"5":6,"6":18,"7":5,"8":18,"9":4,"10":4,"11":18,"12":2,"13":2,"14":2,"15":0,"16":2,"17":1,"18":1,"19":1,"20":1,"21":18,"22":1,"23":1,"24":13,"25":4},"f":{"0":18,"1":6,"2":5,"3":4,"4":2,"5":1,"6":1,"7":13,"8":4},"b":{"0":[4,0],"1":[0,2],"2":[18,5],"3":[13,0,0]},"meta":{"lastBranch":4,"lastFunction":9,"lastStatement":26,"seen":{"f:9:24:9:Infinity":0,"s:10:31:10:Infinity":0,"s:11:27:11:Infinity":1,"s:12:33:12:Infinity":2,"s:13:17:13:Infinity":3,"s:15:24:15:Infinity":4,"f:15:24:15:30":1,"s:15:30:15:Infinity":5,"s:17:2:19:Infinity":6,"f:17:12:17:Infinity":2,"s:18:4:18:Infinity":7,"s:21:21:24:Infinity":8,"f:21:21:21:22":3,"s:22:4:22:Infinity":9,"b:22:14:22:18:22:22:22:27":0,"s:23:4:23:Infinity":10,"s:26:27:36:Infinity":11,"f:26:27:26:34":4,"s:27:2:36:3":12,"s:28:4:28:Infinity":13,"b:29:4:29:Infinity:undefined:undefined:undefined:undefined":1,"s:29:4:29:Infinity":14,"s:29:17:29:Infinity":15,"s:30:4:30:Infinity":16,"s:31:4:31:Infinity":17,"s:32:4:32:Infinity":18,"s:33:4:33:Infinity":19,"s:35:3:35:Infinity":20,"s:38:2:58:Infinity":21,"b:42:7:42:Infinity:42:7:53:Infinity":2,"f:50:22:50:27":5,"s:50:27:50:Infinity":22,"f:53:57:53:63":6,"s:53:63:53:80":23,"f:57:22:57:23":7,"s:57:31:58:Infinity":24,"f:64:41:64:47":8,"s:64:47:64:62":25,"b:58:21:58:25:58:29:58:34:58:38:58:Infinity":3}}}
,"C:\\Users\\krath\\Desktop\\pruebas\\PruebasProyectoU1\\Frontend\\src\\components\\UsersSection.tsx": {"path":"C:\\Users\\krath\\Desktop\\pruebas\\PruebasProyectoU1\\Frontend\\src\\components\\UsersSection.tsx","statementMap":{"0":{"start":{"line":10,"column":25},"end":{"line":10,"column":null}},"1":{"start":{"line":11,"column":37},"end":{"line":11,"column":null}},"2":{"start":{"line":12,"column":23},"end":{"line":22,"column":null}},"3":{"start":{"line":23,"column":37},"end":{"line":23,"column":null}},"4":{"start":{"line":24,"column":31},"end":{"line":34,"column":null}},"5":{"start":{"line":35,"column":17},"end":{"line":35,"column":null}},"6":{"start":{"line":37,"column":21},"end":{"line":56,"column":null}},"7":{"start":{"line":38,"column":4},"end":{"line":55,"column":null}},"8":{"start":{"line":39,"column":19},"end":{"line":39,"column":null}},"9":{"start":{"line":40,"column":6},"end":{"line":51,"column":null}},"10":{"start":{"line":41,"column":30},"end":{"line":51,"column":null}},"11":{"start":{"line":54,"column":6},"end":{"line":54,"column":null}},"12":{"start":{"line":58,"column":2},"end":{"line":60,"column":null}},"13":{"start":{"line":59,"column":4},"end":{"line":59,"column":null}},"14":{"start":{"line":62,"column":23},"end":{"line":83,"column":null}},"15":{"start":{"line":63,"column":4},"end":{"line":63,"column":null}},"16":{"start":{"line":64,"column":4},"end":{"line":82,"column":null}},"17":{"start":{"line":65,"column":6},"end":{"line":65,"column":null}},"18":{"start":{"line":66,"column":6},"end":{"line":66,"column":null}},"19":{"start":{"line":67,"column":6},"end":{"line":77,"column":null}},"20":{"start":{"line":78,"column":6},"end":{"line":78,"column":null}},"21":{"start":{"line":79,"column":6},"end":{"line":79,"column":null}},"22":{"start":{"line":81,"column":6},"end":{"line":81,"column":null}},"23":{"start":{"line":85,"column":23},"end":{"line":93,"column":null}},"24":{"start":{"line":86,"column":4},"end":{"line":92,"column":null}},"25":{"start":{"line":87,"column":6},"end":{"line":87,"column":41}},"26":{"start":{"line":88,"column":6},"end":{"line":88,"column":null}},"27":{"start":{"line":89,"column":6},"end":{"line":89,"column":null}},"28":{"start":{"line":91,"column":6},"end":{"line":91,"column":null}},"29":{"start":{"line":95,"column":21},"end":{"line":108,"column":null}},"30":{"start":{"line":96,"column":4},"end":{"line":96,"column":31}},"31":{"start":{"line":97,"column":4},"end":{"line":107,"column":null}},"32":{"start":{"line":110,"column":27},"end":{"line":130,"column":null}},"33":{"start":{"line":111,"column":4},"end":{"line":111,"column":null}},"34":{"start":{"line":112,"column":4},"end":{"line":112,"column":null}},"35":{"start":{"line":112,"column":22},"end":{"line":112,"column":null}},"36":{"start":{"line":114,"column":28},"end":{"line":114,"column":null}},"37":{"start":{"line":115,"column":4},"end":{"line":119,"column":null}},"38":{"start":{"line":116,"column":6},"end":{"line":118,"column":null}},"39":{"start":{"line":117,"column":8},"end":{"line":117,"column":null}},"40":{"start":{"line":120,"column":4},"end":{"line":120,"column":null}},"41":{"start":{"line":122,"column":4},"end":{"line":129,"column":null}},"42":{"start":{"line":123,"column":6},"end":{"line":123,"column":57}},"43":{"start":{"line":124,"column":6},"end":{"line":124,"column":null}},"44":{"start":{"line":125,"column":6},"end":{"line":125,"column":null}},"45":{"start":{"line":126,"column":6},"end":{"line":126,"column":null}},"46":{"start":{"line":128,"column":6},"end":{"line":128,"column":null}},"47":{"start":{"line":132,"column":2},"end":{"line":174,"column":null}},"48":{"start":{"line":137,"column":51},"end":{"line":137,"column":null}},"49":{"start":{"line":143,"column":95},"end":{"line":143,"column":null}},"50":{"start":{"line":144,"column":96},"end":{"line":144,"column":null}},"51":{"start":{"line":145,"column":90},"end":{"line":145,"column":null}},"52":{"start":{"line":146,"column":93},"end":{"line":146,"column":null}},"53":{"start":{"line":147,"column":114},"end":{"line":147,"column":null}},"54":{"start":{"line":148,"column":115},"end":{"line":148,"column":null}},"55":{"start":{"line":149,"column":110},"end":{"line":149,"column":null}},"56":{"start":{"line":150,"column":100},"end":{"line":150,"column":null}},"57":{"start":{"line":158,"column":99},"end":{"line":158,"column":null}},"58":{"start":{"line":159,"column":100},"end":{"line":159,"column":null}},"59":{"start":{"line":160,"column":94},"end":{"line":160,"column":null}},"60":{"start":{"line":161,"column":97},"end":{"line":161,"column":null}},"61":{"start":{"line":162,"column":138},"end":{"line":162,"column":null}},"62":{"start":{"line":163,"column":119},"end":{"line":163,"column":null}},"63":{"start":{"line":164,"column":114},"end":{"line":164,"column":null}},"64":{"start":{"line":165,"column":104},"end":{"line":165,"column":null}},"65":{"start":{"line":166,"column":91},"end":{"line":166,"column":null}},"66":{"start":{"line":168,"column":63},"end":{"line":168,"column":85}},"67":{"start":{"line":173,"column":23},"end":{"line":174,"column":null}},"68":{"start":{"line":182,"column":64},"end":{"line":182,"column":79}},"69":{"start":{"line":183,"column":69},"end":{"line":183,"column":94}}},"fnMap":{"0":{"name":"UsersSection","decl":{"start":{"line":9,"column":24},"end":{"line":9,"column":null}},"loc":{"start":{"line":9,"column":24},"end":{"line":190,"column":null}},"line":9},"1":{"name":"(anonymous_1)","decl":{"start":{"line":37,"column":21},"end":{"line":37,"column":null}},"loc":{"start":{"line":37,"column":21},"end":{"line":56,"column":null}},"line":37},"2":{"name":"(anonymous_2)","decl":{"start":{"line":41,"column":17},"end":{"line":41,"column":18}},"loc":{"start":{"line":41,"column":30},"end":{"line":51,"column":null}},"line":41},"3":{"name":"(anonymous_3)","decl":{"start":{"line":58,"column":12},"end":{"line":58,"column":null}},"loc":{"start":{"line":58,"column":12},"end":{"line":60,"column":5}},"line":58},"4":{"name":"(anonymous_4)","decl":{"start":{"line":62,"column":23},"end":{"line":62,"column":30}},"loc":{"start":{"line":62,"column":30},"end":{"line":83,"column":null}},"line":62},"5":{"name":"(anonymous_5)","decl":{"start":{"line":85,"column":23},"end":{"line":85,"column":30}},"loc":{"start":{"line":85,"column":30},"end":{"line":93,"column":null}},"line":85},"6":{"name":"(anonymous_6)","decl":{"start":{"line":95,"column":21},"end":{"line":95,"column":22}},"loc":{"start":{"line":95,"column":22},"end":{"line":108,"column":null}},"line":95},"7":{"name":"(anonymous_7)","decl":{"start":{"line":110,"column":27},"end":{"line":110,"column":34}},"loc":{"start":{"line":110,"column":34},"end":{"line":130,"column":null}},"line":110},"8":{"name":"(anonymous_8)","decl":{"start":{"line":115,"column":37},"end":{"line":115,"column":38}},"loc":{"start":{"line":115,"column":50},"end":{"line":119,"column":null}},"line":115},"9":{"name":"(anonymous_9)","decl":{"start":{"line":137,"column":45},"end":{"line":137,"column":51}},"loc":{"start":{"line":137,"column":51},"end":{"line":137,"column":null}},"line":137},"10":{"name":"(anonymous_10)","decl":{"start":{"line":143,"column":88},"end":{"line":143,"column":89}},"loc":{"start":{"line":143,"column":95},"end":{"line":143,"column":null}},"line":143},"11":{"name":"(anonymous_11)","decl":{"start":{"line":144,"column":89},"end":{"line":144,"column":90}},"loc":{"start":{"line":144,"column":96},"end":{"line":144,"column":null}},"line":144},"12":{"name":"(anonymous_12)","decl":{"start":{"line":145,"column":83},"end":{"line":145,"column":84}},"loc":{"start":{"line":145,"column":90},"end":{"line":145,"column":null}},"line":145},"13":{"name":"(anonymous_13)","decl":{"start":{"line":146,"column":86},"end":{"line":146,"column":87}},"loc":{"start":{"line":146,"column":93},"end":{"line":146,"column":null}},"line":146},"14":{"name":"(anonymous_14)","decl":{"start":{"line":147,"column":107},"end":{"line":147,"column":108}},"loc":{"start":{"line":147,"column":114},"end":{"line":147,"column":null}},"line":147},"15":{"name":"(anonymous_15)","decl":{"start":{"line":148,"column":108},"end":{"line":148,"column":109}},"loc":{"start":{"line":148,"column":115},"end":{"line":148,"column":null}},"line":148},"16":{"name":"(anonymous_16)","decl":{"start":{"line":149,"column":103},"end":{"line":149,"column":104}},"loc":{"start":{"line":149,"column":110},"end":{"line":149,"column":null}},"line":149},"17":{"name":"(anonymous_17)","decl":{"start":{"line":150,"column":93},"end":{"line":150,"column":94}},"loc":{"start":{"line":150,"column":100},"end":{"line":150,"column":null}},"line":150},"18":{"name":"(anonymous_18)","decl":{"start":{"line":158,"column":92},"end":{"line":158,"column":93}},"loc":{"start":{"line":158,"column":99},"end":{"line":158,"column":null}},"line":158},"19":{"name":"(anonymous_19)","decl":{"start":{"line":159,"column":93},"end":{"line":159,"column":94}},"loc":{"start":{"line":159,"column":100},"end":{"line":159,"column":null}},"line":159},"20":{"name":"(anonymous_20)","decl":{"start":{"line":160,"column":87},"end":{"line":160,"column":88}},"loc":{"start":{"line":160,"column":94},"end":{"line":160,"column":null}},"line":160},"21":{"name":"(anonymous_21)","decl":{"start":{"line":161,"column":90},"end":{"line":161,"column":91}},"loc":{"start":{"line":161,"column":97},"end":{"line":161,"column":null}},"line":161},"22":{"name":"(anonymous_22)","decl":{"start":{"line":162,"column":131},"end":{"line":162,"column":132}},"loc":{"start":{"line":162,"column":138},"end":{"line":162,"column":null}},"line":162},"23":{"name":"(anonymous_23)","decl":{"start":{"line":163,"column":112},"end":{"line":163,"column":113}},"loc":{"start":{"line":163,"column":119},"end":{"line":163,"column":null}},"line":163},"24":{"name":"(anonymous_24)","decl":{"start":{"line":164,"column":107},"end":{"line":164,"column":108}},"loc":{"start":{"line":164,"column":114},"end":{"line":164,"column":null}},"line":164},"25":{"name":"(anonymous_25)","decl":{"start":{"line":165,"column":97},"end":{"line":165,"column":98}},"loc":{"start":{"line":165,"column":104},"end":{"line":165,"column":null}},"line":165},"26":{"name":"(anonymous_26)","decl":{"start":{"line":166,"column":84},"end":{"line":166,"column":85}},"loc":{"start":{"line":166,"column":91},"end":{"line":166,"column":null}},"line":166},"27":{"name":"(anonymous_27)","decl":{"start":{"line":168,"column":57},"end":{"line":168,"column":63}},"loc":{"start":{"line":168,"column":63},"end":{"line":168,"column":85}},"line":168},"28":{"name":"(anonymous_28)","decl":{"start":{"line":173,"column":19},"end":{"line":173,"column":20}},"loc":{"start":{"line":173,"column":23},"end":{"line":174,"column":null}},"line":173},"29":{"name":"(anonymous_29)","decl":{"start":{"line":182,"column":58},"end":{"line":182,"column":64}},"loc":{"start":{"line":182,"column":64},"end":{"line":182,"column":79}},"line":182},"30":{"name":"(anonymous_30)","decl":{"start":{"line":183,"column":63},"end":{"line":183,"column":69}},"loc":{"start":{"line":183,"column":69},"end":{"line":183,"column":94}},"line":183}},"branchMap":{"0":{"loc":{"start":{"line":112,"column":4},"end":{"line":112,"column":null}},"type":"if","locations":[{"start":{"line":112,"column":4},"end":{"line":112,"column":null}},{"start":{},"end":{}}],"line":112},"1":{"loc":{"start":{"line":116,"column":6},"end":{"line":118,"column":null}},"type":"if","locations":[{"start":{"line":116,"column":6},"end":{"line":118,"column":null}},{"start":{},"end":{}}],"line":116},"2":{"loc":{"start":{"line":138,"column":9},"end":{"line":138,"column":null}},"type":"cond-expr","locations":[{"start":{"line":138,"column":23},"end":{"line":138,"column":46}},{"start":{"line":138,"column":46},"end":{"line":138,"column":null}}],"line":138},"3":{"loc":{"start":{"line":141,"column":7},"end":{"line":151,"column":null}},"type":"binary-expr","locations":[{"start":{"line":141,"column":7},"end":{"line":141,"column":null}},{"start":{"line":141,"column":7},"end":{"line":151,"column":null}}],"line":141},"4":{"loc":{"start":{"line":155,"column":7},"end":{"line":168,"column":null}},"type":"binary-expr","locations":[{"start":{"line":155,"column":7},"end":{"line":155,"column":null}},{"start":{"line":155,"column":7},"end":{"line":168,"column":null}}],"line":155},"5":{"loc":{"start":{"line":174,"column":21},"end":{"line":174,"column":null}},"type":"binary-expr","locations":[{"start":{"line":174,"column":21},"end":{"line":174,"column":30}},{"start":{"line":174,"column":34},"end":{"line":174,"column":null}}],"line":174}},"s":{"0":9,"1":9,"2":9,"3":9,"4":9,"5":9,"6":9,"7":5,"8":5,"9":4,"10":4,"11":1,"12":9,"13":5,"14":9,"15":0,"16":0,"17":0,"18":0,"19":0,"20":0,"21":0,"22":0,"23":9,"24":0,"25":0,"26":0,"27":0,"28":0,"29":9,"30":0,"31":0,"32":9,"33":0,"34":0,"35":0,"36":0,"37":0,"38":0,"39":0,"40":0,"41":0,"42":0,"43":0,"44":0,"45":0,"46":0,"47":9,"48":0,"49":0,"50":0,"51":0,"52":0,"53":0,"54":0,"55":0,"56":0,"57":0,"58":0,"59":0,"60":0,"61":0,"62":0,"63":0,"64":0,"65":0,"66":0,"67":3,"68":0,"69":0},"f":{"0":9,"1":5,"2":4,"3":5,"4":0,"5":0,"6":0,"7":0,"8":0,"9":0,"10":0,"11":0,"12":0,"13":0,"14":0,"15":0,"16":0,"17":0,"18":0,"19":0,"20":0,"21":0,"22":0,"23":0,"24":0,"25":0,"26":0,"27":0,"28":3,"29":0,"30":0},"b":{"0":[0,0],"1":[0,0],"2":[0,8],"3":[9,0],"4":[9,0],"5":[3,0]},"meta":{"lastBranch":6,"lastFunction":31,"lastStatement":70,"seen":{"f:9:24:9:Infinity":0,"s:10:25:10:Infinity":0,"s:11:37:11:Infinity":1,"s:12:23:22:Infinity":2,"s:23:37:23:Infinity":3,"s:24:31:34:Infinity":4,"s:35:17:35:Infinity":5,"s:37:21:56:Infinity":6,"f:37:21:37:Infinity":1,"s:38:4:55:Infinity":7,"s:39:19:39:Infinity":8,"s:40:6:51:Infinity":9,"f:41:17:41:18":2,"s:41:30:51:Infinity":10,"s:54:6:54:Infinity":11,"s:58:2:60:Infinity":12,"f:58:12:58:Infinity":3,"s:59:4:59:Infinity":13,"s:62:23:83:Infinity":14,"f:62:23:62:30":4,"s:63:4:63:Infinity":15,"s:64:4:82:Infinity":16,"s:65:6:65:Infinity":17,"s:66:6:66:Infinity":18,"s:67:6:77:Infinity":19,"s:78:6:78:Infinity":20,"s:79:6:79:Infinity":21,"s:81:6:81:Infinity":22,"s:85:23:93:Infinity":23,"f:85:23:85:30":5,"s:86:4:92:Infinity":24,"s:87:6:87:41":25,"s:88:6:88:Infinity":26,"s:89:6:89:Infinity":27,"s:91:6:91:Infinity":28,"s:95:21:108:Infinity":29,"f:95:21:95:22":6,"s:96:4:96:31":30,"s:97:4:107:Infinity":31,"s:110:27:130:Infinity":32,"f:110:27:110:34":7,"s:111:4:111:Infinity":33,"b:112:4:112:Infinity:undefined:undefined:undefined:undefined":0,"s:112:4:112:Infinity":34,"s:112:22:112:Infinity":35,"s:114:28:114:Infinity":36,"s:115:4:119:Infinity":37,"f:115:37:115:38":8,"b:116:6:118:Infinity:undefined:undefined:undefined:undefined":1,"s:116:6:118:Infinity":38,"s:117:8:117:Infinity":39,"s:120:4:120:Infinity":40,"s:122:4:129:Infinity":41,"s:123:6:123:57":42,"s:124:6:124:Infinity":43,"s:125:6:125:Infinity":44,"s:126:6:126:Infinity":45,"s:128:6:128:Infinity":46,"s:132:2:174:Infinity":47,"f:137:45:137:51":9,"s:137:51:137:Infinity":48,"b:138:23:138:46:138:46:138:Infinity":2,"b:141:7:141:Infinity:141:7:151:Infinity":3,"f:143:88:143:89":10,"s:143:95:143:Infinity":49,"f:144:89:144:90":11,"s:144:96:144:Infinity":50,"f:145:83:145:84":12,"s:145:90:145:Infinity":51,"f:146:86:146:87":13,"s:146:93:146:Infinity":52,"f:147:107:147:108":14,"s:147:114:147:Infinity":53,"f:148:108:148:109":15,"s:148:115:148:Infinity":54,"f:149:103:149:104":16,"s:149:110:149:Infinity":55,"f:150:93:150:94":17,"s:150:100:150:Infinity":56,"b:155:7:155:Infinity:155:7:168:Infinity":4,"f:158:92:158:93":18,"s:158:99:158:Infinity":57,"f:159:93:159:94":19,"s:159:100:159:Infinity":58,"f:160:87:160:88":20,"s:160:94:160:Infinity":59,"f:161:90:161:91":21,"s:161:97:161:Infinity":60,"f:162:131:162:132":22,"s:162:138:162:Infinity":61,"f:163:112:163:113":23,"s:163:119:163:Infinity":62,"f:164:107:164:108":24,"s:164:114:164:Infinity":63,"f:165:97:165:98":25,"s:165:104:165:Infinity":64,"f:166:84:166:85":26,"s:166:91:166:Infinity":65,"f:168:57:168:63":27,"s:168:63:168:85":66,"f:173:19:173:20":28,"s:173:23:174:Infinity":67,"f:182:58:182:64":29,"s:182:64:182:79":68,"f:183:63:183:69":30,"s:183:69:183:94":69,"b:174:21:174:30:174:34:174:Infinity":5}}}
,"C:\\Users\\krath\\Desktop\\pruebas\\PruebasProyectoU1\\Frontend\\src\\components\\ui\\button.tsx": {"path":"C:\\Users\\krath\\Desktop\\pruebas\\PruebasProyectoU1\\Frontend\\src\\components\\ui\\button.tsx","statementMap":{"0":{"start":{"line":7,"column":6},"end":{"line":33,"column":null}},"1":{"start":{"line":42,"column":15},"end":{"line":52,"column":null}},"2":{"start":{"line":44,"column":17},"end":{"line":44,"column":null}},"3":{"start":{"line":45,"column":4},"end":{"line":49,"column":null}},"4":{"start":{"line":54,"column":0},"end":{"line":54,"column":null}}},"fnMap":{"0":{"name":"(anonymous_0)","decl":{"start":{"line":43,"column":2},"end":{"line":43,"column":3}},"loc":{"start":{"line":43,"column":60},"end":{"line":52,"column":null}},"line":43}},"branchMap":{"0":{"loc":{"start":{"line":43,"column":31},"end":{"line":43,"column":46}},"type":"default-arg","locations":[{"start":{"line":43,"column":41},"end":{"line":43,"column":46}}],"line":43},"1":{"loc":{"start":{"line":44,"column":17},"end":{"line":44,"column":null}},"type":"cond-expr","locations":[{"start":{"line":44,"column":27},"end":{"line":44,"column":34}},{"start":{"line":44,"column":34},"end":{"line":44,"column":null}}],"line":44}},"s":{"0":5,"1":5,"2":97,"3":97,"4":5},"f":{"0":97},"b":{"0":[97],"1":[0,97]},"meta":{"lastBranch":2,"lastFunction":1,"lastStatement":5,"seen":{"s:7:6:33:Infinity":0,"s:42:15:52:Infinity":1,"f:43:2:43:3":0,"b:43:41:43:46":0,"s:44:17:44:Infinity":2,"b:44:27:44:34:44:34:44:Infinity":1,"s:45:4:49:Infinity":3,"s:54:0:54:Infinity":4}}}
,"C:\\Users\\krath\\Desktop\\pruebas\\PruebasProyectoU1\\Frontend\\src\\components\\ui\\card.tsx": {"path":"C:\\Users\\krath\\Desktop\\pruebas\\PruebasProyectoU1\\Frontend\\src\\components\\ui\\card.tsx","statementMap":{"0":{"start":{"line":5,"column":13},"end":{"line":15,"column":null}},"1":{"start":{"line":8,"column":28},"end":{"line":15,"column":null}},"2":{"start":{"line":18,"column":0},"end":{"line":18,"column":null}},"3":{"start":{"line":20,"column":19},"end":{"line":27,"column":null}},"4":{"start":{"line":23,"column":28},"end":{"line":27,"column":null}},"5":{"start":{"line":30,"column":0},"end":{"line":30,"column":null}},"6":{"start":{"line":32,"column":18},"end":{"line":42,"column":null}},"7":{"start":{"line":35,"column":28},"end":{"line":42,"column":null}},"8":{"start":{"line":45,"column":0},"end":{"line":45,"column":null}},"9":{"start":{"line":47,"column":24},"end":{"line":54,"column":null}},"10":{"start":{"line":50,"column":28},"end":{"line":54,"column":null}},"11":{"start":{"line":57,"column":0},"end":{"line":57,"column":null}},"12":{"start":{"line":59,"column":20},"end":{"line":63,"column":null}},"13":{"start":{"line":62,"column":28},"end":{"line":63,"column":null}},"14":{"start":{"line":65,"column":0},"end":{"line":65,"column":null}},"15":{"start":{"line":67,"column":19},"end":{"line":74,"column":null}},"16":{"start":{"line":70,"column":28},"end":{"line":74,"column":null}},"17":{"start":{"line":77,"column":0},"end":{"line":77,"column":null}}},"fnMap":{"0":{"name":"(anonymous_0)","decl":{"start":{"line":8,"column":2},"end":{"line":8,"column":3}},"loc":{"start":{"line":8,"column":28},"end":{"line":15,"column":null}},"line":8},"1":{"name":"(anonymous_1)","decl":{"start":{"line":23,"column":2},"end":{"line":23,"column":3}},"loc":{"start":{"line":23,"column":28},"end":{"line":27,"column":null}},"line":23},"2":{"name":"(anonymous_2)","decl":{"start":{"line":35,"column":2},"end":{"line":35,"column":3}},"loc":{"start":{"line":35,"column":28},"end":{"line":42,"column":null}},"line":35},"3":{"name":"(anonymous_3)","decl":{"start":{"line":50,"column":2},"end":{"line":50,"column":3}},"loc":{"start":{"line":50,"column":28},"end":{"line":54,"column":null}},"line":50},"4":{"name":"(anonymous_4)","decl":{"start":{"line":62,"column":2},"end":{"line":62,"column":3}},"loc":{"start":{"line":62,"column":28},"end":{"line":63,"column":null}},"line":62},"5":{"name":"(anonymous_5)","decl":{"start":{"line":70,"column":2},"end":{"line":70,"column":3}},"loc":{"start":{"line":70,"column":28},"end":{"line":74,"column":null}},"line":70}},"branchMap":{},"s":{"0":8,"1":69,"2":8,"3":8,"4":69,"5":8,"6":8,"7":69,"8":8,"9":8,"10":0,"11":8,"12":8,"13":69,"14":8,"15":8,"16":0,"17":8},"f":{"0":69,"1":69,"2":69,"3":0,"4":69,"5":0},"b":{},"meta":{"lastBranch":0,"lastFunction":6,"lastStatement":18,"seen":{"s:5:13:15:Infinity":0,"f:8:2:8:3":0,"s:8:28:15:Infinity":1,"s:18:0:18:Infinity":2,"s:20:19:27:Infinity":3,"f:23:2:23:3":1,"s:23:28:27:Infinity":4,"s:30:0:30:Infinity":5,"s:32:18:42:Infinity":6,"f:35:2:35:3":2,"s:35:28:42:Infinity":7,"s:45:0:45:Infinity":8,"s:47:24:54:Infinity":9,"f:50:2:50:3":3,"s:50:28:54:Infinity":10,"s:57:0:57:Infinity":11,"s:59:20:63:Infinity":12,"f:62:2:62:3":4,"s:62:28:63:Infinity":13,"s:65:0:65:Infinity":14,"s:67:19:74:Infinity":15,"f:70:2:70:3":5,"s:70:28:74:Infinity":16,"s:77:0:77:Infinity":17}}}
,"C:\\Users\\krath\\Desktop\\pruebas\\PruebasProyectoU1\\Frontend\\src\\components\\ui\\input.tsx": {"path":"C:\\Users\\krath\\Desktop\\pruebas\\PruebasProyectoU1\\Frontend\\src\\components\\ui\\input.tsx","statementMap":{"0":{"start":{"line":5,"column":14},"end":{"line":18,"column":null}},"1":{"start":{"line":7,"column":4},"end":{"line":15,"column":null}},"2":{"start":{"line":20,"column":0},"end":{"line":20,"column":null}}},"fnMap":{"0":{"name":"(anonymous_0)","decl":{"start":{"line":6,"column":2},"end":{"line":6,"column":3}},"loc":{"start":{"line":6,"column":34},"end":{"line":18,"column":null}},"line":6}},"branchMap":{},"s":{"0":5,"1":69,"2":5},"f":{"0":69},"b":{},"meta":{"lastBranch":0,"lastFunction":1,"lastStatement":3,"seen":{"s:5:14:18:Infinity":0,"f:6:2:6:3":0,"s:7:4:15:Infinity":1,"s:20:0:20:Infinity":2}}}
,"C:\\Users\\krath\\Desktop\\pruebas\\PruebasProyectoU1\\Frontend\\src\\components\\ui\\separator.tsx": {"path":"C:\\Users\\krath\\Desktop\\pruebas\\PruebasProyectoU1\\Frontend\\src\\components\\ui\\separator.tsx","statementMap":{"0":{"start":{"line":6,"column":18},"end":{"line":23,"column":null}},"1":{"start":{"line":12,"column":4},"end":{"line":23,"column":null}},"2":{"start":{"line":27,"column":0},"end":{"line":27,"column":null}}},"fnMap":{"0":{"name":"(anonymous_0)","decl":{"start":{"line":10,"column":2},"end":{"line":10,"column":null}},"loc":{"start":{"line":12,"column":4},"end":{"line":23,"column":null}},"line":12}},"branchMap":{"0":{"loc":{"start":{"line":11,"column":17},"end":{"line":11,"column":43}},"type":"default-arg","locations":[{"start":{"line":11,"column":31},"end":{"line":11,"column":43}}],"line":11},"1":{"loc":{"start":{"line":11,"column":45},"end":{"line":11,"column":62}},"type":"default-arg","locations":[{"start":{"line":11,"column":58},"end":{"line":11,"column":62}}],"line":11},"2":{"loc":{"start":{"line":20,"column":8},"end":{"line":20,"column":null}},"type":"cond-expr","locations":[{"start":{"line":20,"column":39},"end":{"line":20,"column":58}},{"start":{"line":20,"column":58},"end":{"line":20,"column":null}}],"line":20}},"s":{"0":8,"1":85,"2":8},"f":{"0":85},"b":{"0":[85],"1":[85],"2":[85,0]},"meta":{"lastBranch":3,"lastFunction":1,"lastStatement":3,"seen":{"s:6:18:23:Infinity":0,"f:10:2:10:Infinity":0,"s:12:4:23:Infinity":1,"b:11:31:11:43":0,"b:11:58:11:62":1,"b:20:39:20:58:20:58:20:Infinity":2,"s:27:0:27:Infinity":2}}}
,"C:\\Users\\krath\\Desktop\\pruebas\\PruebasProyectoU1\\Frontend\\src\\lib\\utils.ts": {"path":"C:\\Users\\krath\\Desktop\\pruebas\\PruebasProyectoU1\\Frontend\\src\\lib\\utils.ts","statementMap":{"0":{"start":{"line":5,"column":2},"end":{"line":5,"column":null}}},"fnMap":{"0":{"name":"cn","decl":{"start":{"line":4,"column":16},"end":{"line":4,"column":19}},"loc":{"start":{"line":4,"column":42},"end":{"line":6,"column":null}},"line":4}},"branchMap":{},"s":{"0":527},"f":{"0":527},"b":{},"meta":{"lastBranch":0,"lastFunction":1,"lastStatement":1,"seen":{"f:4:16:4:19":0,"s:5:2:5:Infinity":0}}}
}
